<?xml version="1.0" encoding="UTF-8" ?>
<testsuite 
errors="0" failures="0" hostname="Home-PC" name="org.scalatest.tools.DiscoverySuite" tests="0" time="0.017" timestamp="2018-06-16T20:06:24">
  <properties>
    <property name="java.runtime.name" value="Java(TM) SE Runtime Environment">
    </property>
    <property 
    name="sun.boot.library.path" value="C:\Program Files\Java\jre1.8.0_171\bin">
</property>
    <property name="java.vm.version" value="25.171-b11"> </property>
    <property name="java.vm.vendor" value="Oracle Corporation"> </property>
    <property name="java.vendor.url" value="http://java.oracle.com/">
    </property>
    <property name="path.separator" value=";"> </property>
    <property name="java.vm.name" value="Java HotSpot(TM) 64-Bit Server VM">
    </property>
    <property name="file.encoding.pkg" value="sun.io"> </property>
    <property name="user.script" value=""> </property>
    <property name="user.country" value="RU"> </property>
    <property name="sun.java.launcher" value="SUN_STANDARD"> </property>
    <property name="sun.os.patch.level" value=""> </property>
    <property 
    name="java.vm.specification.name" value="Java Virtual Machine Specification">
</property>
    <property 
    name="user.dir" value="C:\Users\Home\Documents\GitHub\foil\foil-master">
</property>
    <property name="java.runtime.version" value="1.8.0_171-b11"> </property>
    <property 
    name="java.awt.graphicsenv" value="sun.awt.Win32GraphicsEnvironment">
</property>
    <property 
    name="basedir" value="C:\Users\Home\Documents\GitHub\foil\foil-master">
</property>
    <property 
    name="java.endorsed.dirs" value="C:\Program Files\Java\jre1.8.0_171\lib\endorsed">
</property>
    <property name="os.arch" value="amd64"> </property>
    <property name="java.io.tmpdir" value="C:\Users\Home\AppData\Local\Temp\">
    </property>
    <property name="line.separator" value=" "> </property>
    <property name="java.vm.specification.vendor" value="Oracle Corporation">
    </property>
    <property name="user.variant" value=""> </property>
    <property name="os.name" value="Windows 10"> </property>
    <property name="sun.jnu.encoding" value="Cp1251"> </property>
    <property 
    name="java.library.path" value="C:\Program Files (x86)\Common Files\Oracle\Java\javapath;C:\WINDOWS\Sun\Java\bin;C:\WINDOWS\system32;C:\WINDOWS;C:\Program Files (x86)\Common Files\Oracle\Java\javapath;C:\ProgramData\Oracle\Java\javapath;C:\WINDOWS\system32;C:\WINDOWS;C:\WINDOWS\System32\Wbem;C:\WINDOWS\System32\WindowsPowerShell\v1.0\;C:\Program Files (x86)\Skype\Phone\;C:\Program Files\Java\jdk1.8.0_131\bin;C:\Users\Home\eclipse\java-neon\eclipse\bin;D:\Spark\spark-1.6.0-bin-hadoop2.6\bin;D:\apache-maven-3.3.9\bin;C:\WINDOWS\System32\OpenSSH\;C:\Program Files (x86)\scala\bin;C:\Users\Home\AppData\Local\Microsoft\WindowsApps;C:\Program Files\Java\jdk1.8.0_131\bin;C:\Users\Home\eclipse\java-neon\eclipse;C:\Users\Home\AppData\Local\GitHubDesktop\bin;C:\Program Files (x86)\scala\bin;C:\Program Files\Java\jdk1.8.0_171\bin;;.">
</property>
    <property 
    name="java.specification.name" value="Java Platform API Specification">
</property>
    <property name="java.class.version" value="52.0"> </property>
    <property 
    name="sun.management.compiler" value="HotSpot 64-Bit Tiered Compilers">
</property>
    <property name="os.version" value="10.0"> </property>
    <property name="user.home" value="C:\Users\Home"> </property>
    <property name="user.timezone" value=""> </property>
    <property name="java.awt.printerjob" value="sun.awt.windows.WPrinterJob">
    </property>
    <property name="file.encoding" value="Cp1251"> </property>
    <property name="java.specification.version" value="1.8"> </property>
    <property name="user.name" value="Home"> </property>
    <property 
    name="java.class.path" value="C:\Users\Home\Documents\GitHub\foil\foil-master\target\test-classes;C:\Users\Home\Documents\GitHub\foil\foil-master\target\classes;C:\Users\Home\.m2\repository\org\scala-lang\scala-library\2.11.8\scala-library-2.11.8.jar;C:\Users\Home\.m2\repository\org\apache\spark\spark-core_2.11\2.0.0\spark-core_2.11-2.0.0.jar;C:\Users\Home\.m2\repository\org\apache\avro\avro-mapred\1.7.7\avro-mapred-1.7.7-hadoop2.jar;C:\Users\Home\.m2\repository\org\apache\avro\avro-ipc\1.7.7\avro-ipc-1.7.7.jar;C:\Users\Home\.m2\repository\org\apache\avro\avro-ipc\1.7.7\avro-ipc-1.7.7-tests.jar;C:\Users\Home\.m2\repository\org\codehaus\jackson\jackson-core-asl\1.9.13\jackson-core-asl-1.9.13.jar;C:\Users\Home\.m2\repository\org\codehaus\jackson\jackson-mapper-asl\1.9.13\jackson-mapper-asl-1.9.13.jar;C:\Users\Home\.m2\repository\com\twitter\chill_2.11\0.8.0\chill_2.11-0.8.0.jar;C:\Users\Home\.m2\repository\com\esotericsoftware\kryo-shaded\3.0.3\kryo-shaded-3.0.3.jar;C:\Users\Home\.m2\repository\com\esotericsoftware\minlog\1.3.0\minlog-1.3.0.jar;C:\Users\Home\.m2\repository\org\objenesis\objenesis\2.1\objenesis-2.1.jar;C:\Users\Home\.m2\repository\com\twitter\chill-java\0.8.0\chill-java-0.8.0.jar;C:\Users\Home\.m2\repository\org\apache\xbean\xbean-asm5-shaded\4.4\xbean-asm5-shaded-4.4.jar;C:\Users\Home\.m2\repository\org\apache\hadoop\hadoop-client\2.2.0\hadoop-client-2.2.0.jar;C:\Users\Home\.m2\repository\org\apache\hadoop\hadoop-hdfs\2.2.0\hadoop-hdfs-2.2.0.jar;C:\Users\Home\.m2\repository\org\apache\hadoop\hadoop-mapreduce-client-app\2.2.0\hadoop-mapreduce-client-app-2.2.0.jar;C:\Users\Home\.m2\repository\org\apache\hadoop\hadoop-mapreduce-client-common\2.2.0\hadoop-mapreduce-client-common-2.2.0.jar;C:\Users\Home\.m2\repository\org\apache\hadoop\hadoop-yarn-client\2.2.0\hadoop-yarn-client-2.2.0.jar;C:\Users\Home\.m2\repository\org\apache\hadoop\hadoop-yarn-server-common\2.2.0\hadoop-yarn-server-common-2.2.0.jar;C:\Users\Home\.m2\repository\org\apache\hadoop\hadoop-mapreduce-client-shuffle\2.2.0\hadoop-mapreduce-client-shuffle-2.2.0.jar;C:\Users\Home\.m2\repository\org\apache\hadoop\hadoop-yarn-api\2.2.0\hadoop-yarn-api-2.2.0.jar;C:\Users\Home\.m2\repository\org\apache\hadoop\hadoop-mapreduce-client-jobclient\2.2.0\hadoop-mapreduce-client-jobclient-2.2.0.jar;C:\Users\Home\.m2\repository\org\apache\hadoop\hadoop-annotations\2.2.0\hadoop-annotations-2.2.0.jar;C:\Users\Home\.m2\repository\org\apache\spark\spark-launcher_2.11\2.0.0\spark-launcher_2.11-2.0.0.jar;C:\Users\Home\.m2\repository\org\apache\spark\spark-network-common_2.11\2.0.0\spark-network-common_2.11-2.0.0.jar;C:\Users\Home\.m2\repository\org\apache\spark\spark-network-shuffle_2.11\2.0.0\spark-network-shuffle_2.11-2.0.0.jar;C:\Users\Home\.m2\repository\org\fusesource\leveldbjni\leveldbjni-all\1.8\leveldbjni-all-1.8.jar;C:\Users\Home\.m2\repository\com\fasterxml\jackson\core\jackson-annotations\2.6.5\jackson-annotations-2.6.5.jar;C:\Users\Home\.m2\repository\org\apache\spark\spark-unsafe_2.11\2.0.0\spark-unsafe_2.11-2.0.0.jar;C:\Users\Home\.m2\repository\net\java\dev\jets3t\jets3t\0.7.1\jets3t-0.7.1.jar;C:\Users\Home\.m2\repository\commons-codec\commons-codec\1.3\commons-codec-1.3.jar;C:\Users\Home\.m2\repository\commons-httpclient\commons-httpclient\3.1\commons-httpclient-3.1.jar;C:\Users\Home\.m2\repository\org\apache\curator\curator-recipes\2.4.0\curator-recipes-2.4.0.jar;C:\Users\Home\.m2\repository\org\apache\curator\curator-framework\2.4.0\curator-framework-2.4.0.jar;C:\Users\Home\.m2\repository\org\apache\zookeeper\zookeeper\3.4.5\zookeeper-3.4.5.jar;C:\Users\Home\.m2\repository\com\google\guava\guava\14.0.1\guava-14.0.1.jar;C:\Users\Home\.m2\repository\javax\servlet\javax.servlet-api\3.1.0\javax.servlet-api-3.1.0.jar;C:\Users\Home\.m2\repository\org\apache\commons\commons-lang3\3.3.2\commons-lang3-3.3.2.jar;C:\Users\Home\.m2\repository\org\apache\commons\commons-math3\3.4.1\commons-math3-3.4.1.jar;C:\Users\Home\.m2\repository\com\google\code\findbugs\jsr305\1.3.9\jsr305-1.3.9.jar;C:\Users\Home\.m2\repository\org\slf4j\slf4j-api\1.7.16\slf4j-api-1.7.16.jar;C:\Users\Home\.m2\repository\org\slf4j\jul-to-slf4j\1.7.16\jul-to-slf4j-1.7.16.jar;C:\Users\Home\.m2\repository\org\slf4j\jcl-over-slf4j\1.7.16\jcl-over-slf4j-1.7.16.jar;C:\Users\Home\.m2\repository\log4j\log4j\1.2.17\log4j-1.2.17.jar;C:\Users\Home\.m2\repository\org\slf4j\slf4j-log4j12\1.7.16\slf4j-log4j12-1.7.16.jar;C:\Users\Home\.m2\repository\com\ning\compress-lzf\1.0.3\compress-lzf-1.0.3.jar;C:\Users\Home\.m2\repository\org\xerial\snappy\snappy-java\1.1.2.4\snappy-java-1.1.2.4.jar;C:\Users\Home\.m2\repository\net\jpountz\lz4\lz4\1.3.0\lz4-1.3.0.jar;C:\Users\Home\.m2\repository\org\roaringbitmap\RoaringBitmap\0.5.11\RoaringBitmap-0.5.11.jar;C:\Users\Home\.m2\repository\commons-net\commons-net\2.2\commons-net-2.2.jar;C:\Users\Home\.m2\repository\org\json4s\json4s-jackson_2.11\3.2.11\json4s-jackson_2.11-3.2.11.jar;C:\Users\Home\.m2\repository\org\json4s\json4s-core_2.11\3.2.11\json4s-core_2.11-3.2.11.jar;C:\Users\Home\.m2\repository\org\json4s\json4s-ast_2.11\3.2.11\json4s-ast_2.11-3.2.11.jar;C:\Users\Home\.m2\repository\com\thoughtworks\paranamer\paranamer\2.6\paranamer-2.6.jar;C:\Users\Home\.m2\repository\org\scala-lang\scalap\2.11.0\scalap-2.11.0.jar;C:\Users\Home\.m2\repository\org\scala-lang\scala-compiler\2.11.0\scala-compiler-2.11.0.jar;C:\Users\Home\.m2\repository\org\scala-lang\modules\scala-parser-combinators_2.11\1.0.1\scala-parser-combinators_2.11-1.0.1.jar;C:\Users\Home\.m2\repository\org\glassfish\jersey\core\jersey-client\2.22.2\jersey-client-2.22.2.jar;C:\Users\Home\.m2\repository\javax\ws\rs\javax.ws.rs-api\2.0.1\javax.ws.rs-api-2.0.1.jar;C:\Users\Home\.m2\repository\org\glassfish\hk2\hk2-api\2.4.0-b34\hk2-api-2.4.0-b34.jar;C:\Users\Home\.m2\repository\org\glassfish\hk2\hk2-utils\2.4.0-b34\hk2-utils-2.4.0-b34.jar;C:\Users\Home\.m2\repository\org\glassfish\hk2\external\aopalliance-repackaged\2.4.0-b34\aopalliance-repackaged-2.4.0-b34.jar;C:\Users\Home\.m2\repository\org\glassfish\hk2\external\javax.inject\2.4.0-b34\javax.inject-2.4.0-b34.jar;C:\Users\Home\.m2\repository\org\glassfish\hk2\hk2-locator\2.4.0-b34\hk2-locator-2.4.0-b34.jar;C:\Users\Home\.m2\repository\org\javassist\javassist\3.18.1-GA\javassist-3.18.1-GA.jar;C:\Users\Home\.m2\repository\org\glassfish\jersey\core\jersey-common\2.22.2\jersey-common-2.22.2.jar;C:\Users\Home\.m2\repository\javax\annotation\javax.annotation-api\1.2\javax.annotation-api-1.2.jar;C:\Users\Home\.m2\repository\org\glassfish\jersey\bundles\repackaged\jersey-guava\2.22.2\jersey-guava-2.22.2.jar;C:\Users\Home\.m2\repository\org\glassfish\hk2\osgi-resource-locator\1.0.1\osgi-resource-locator-1.0.1.jar;C:\Users\Home\.m2\repository\org\glassfish\jersey\core\jersey-server\2.22.2\jersey-server-2.22.2.jar;C:\Users\Home\.m2\repository\org\glassfish\jersey\media\jersey-media-jaxb\2.22.2\jersey-media-jaxb-2.22.2.jar;C:\Users\Home\.m2\repository\javax\validation\validation-api\1.1.0.Final\validation-api-1.1.0.Final.jar;C:\Users\Home\.m2\repository\org\glassfish\jersey\containers\jersey-container-servlet\2.22.2\jersey-container-servlet-2.22.2.jar;C:\Users\Home\.m2\repository\org\glassfish\jersey\containers\jersey-container-servlet-core\2.22.2\jersey-container-servlet-core-2.22.2.jar;C:\Users\Home\.m2\repository\org\apache\mesos\mesos\0.21.1\mesos-0.21.1-shaded-protobuf.jar;C:\Users\Home\.m2\repository\io\netty\netty-all\4.0.29.Final\netty-all-4.0.29.Final.jar;C:\Users\Home\.m2\repository\io\netty\netty\3.8.0.Final\netty-3.8.0.Final.jar;C:\Users\Home\.m2\repository\com\clearspring\analytics\stream\2.7.0\stream-2.7.0.jar;C:\Users\Home\.m2\repository\io\dropwizard\metrics\metrics-core\3.1.2\metrics-core-3.1.2.jar;C:\Users\Home\.m2\repository\io\dropwizard\metrics\metrics-jvm\3.1.2\metrics-jvm-3.1.2.jar;C:\Users\Home\.m2\repository\io\dropwizard\metrics\metrics-json\3.1.2\metrics-json-3.1.2.jar;C:\Users\Home\.m2\repository\io\dropwizard\metrics\metrics-graphite\3.1.2\metrics-graphite-3.1.2.jar;C:\Users\Home\.m2\repository\com\fasterxml\jackson\core\jackson-databind\2.6.5\jackson-databind-2.6.5.jar;C:\Users\Home\.m2\repository\com\fasterxml\jackson\core\jackson-core\2.6.5\jackson-core-2.6.5.jar;C:\Users\Home\.m2\repository\com\fasterxml\jackson\module\jackson-module-scala_2.11\2.6.5\jackson-module-scala_2.11-2.6.5.jar;C:\Users\Home\.m2\repository\com\fasterxml\jackson\module\jackson-module-paranamer\2.6.5\jackson-module-paranamer-2.6.5.jar;C:\Users\Home\.m2\repository\org\apache\ivy\ivy\2.4.0\ivy-2.4.0.jar;C:\Users\Home\.m2\repository\oro\oro\2.0.8\oro-2.0.8.jar;C:\Users\Home\.m2\repository\net\razorvine\pyrolite\4.9\pyrolite-4.9.jar;C:\Users\Home\.m2\repository\net\sf\py4j\py4j\0.10.1\py4j-0.10.1.jar;C:\Users\Home\.m2\repository\org\apache\spark\spark-tags_2.11\2.0.0\spark-tags_2.11-2.0.0.jar;C:\Users\Home\.m2\repository\org\spark-project\spark\unused\1.0.0\unused-1.0.0.jar;C:\Users\Home\.m2\repository\org\apache\spark\spark-sql_2.11\2.0.0\spark-sql_2.11-2.0.0.jar;C:\Users\Home\.m2\repository\com\univocity\univocity-parsers\2.1.1\univocity-parsers-2.1.1.jar;C:\Users\Home\.m2\repository\org\apache\spark\spark-sketch_2.11\2.0.0\spark-sketch_2.11-2.0.0.jar;C:\Users\Home\.m2\repository\org\apache\spark\spark-catalyst_2.11\2.0.0\spark-catalyst_2.11-2.0.0.jar;C:\Users\Home\.m2\repository\org\codehaus\janino\janino\2.7.8\janino-2.7.8.jar;C:\Users\Home\.m2\repository\org\codehaus\janino\commons-compiler\2.7.8\commons-compiler-2.7.8.jar;C:\Users\Home\.m2\repository\org\antlr\antlr4-runtime\4.5.3\antlr4-runtime-4.5.3.jar;C:\Users\Home\.m2\repository\org\apache\parquet\parquet-column\1.7.0\parquet-column-1.7.0.jar;C:\Users\Home\.m2\repository\org\apache\parquet\parquet-common\1.7.0\parquet-common-1.7.0.jar;C:\Users\Home\.m2\repository\org\apache\parquet\parquet-encoding\1.7.0\parquet-encoding-1.7.0.jar;C:\Users\Home\.m2\repository\org\apache\parquet\parquet-generator\1.7.0\parquet-generator-1.7.0.jar;C:\Users\Home\.m2\repository\org\apache\parquet\parquet-hadoop\1.7.0\parquet-hadoop-1.7.0.jar;C:\Users\Home\.m2\repository\org\apache\parquet\parquet-format\2.3.0-incubating\parquet-format-2.3.0-incubating.jar;C:\Users\Home\.m2\repository\org\apache\parquet\parquet-jackson\1.7.0\parquet-jackson-1.7.0.jar;C:\Users\Home\.m2\repository\org\apache\jena\jena-tdb\3.1.0\jena-tdb-3.1.0.jar;C:\Users\Home\.m2\repository\net\sansa-stack\sansa-rdf-spark-bundle\0.1.0\sansa-rdf-spark-bundle-0.1.0.jar;C:\Users\Home\.m2\repository\de\javakaffee\kryo-serializers\0.41\kryo-serializers-0.41.jar;C:\Users\Home\.m2\repository\net\sansa-stack\sansa-rdf-kryo-jena\0.1.0\sansa-rdf-kryo-jena-0.1.0.jar;C:\Users\Home\.m2\repository\net\sansa-stack\sansa-rdf-spark-utils\0.1.0\sansa-rdf-spark-utils-0.1.0.jar;C:\Users\Home\.m2\repository\org\apache\spark\spark-graphx_2.11\2.0.1\spark-graphx_2.11-2.0.1.jar;C:\Users\Home\.m2\repository\com\github\fommil\netlib\core\1.1.2\core-1.1.2.jar;C:\Users\Home\.m2\repository\net\sourceforge\f2j\arpack_combined_all\0.1\arpack_combined_all-0.1.jar;C:\Users\Home\.m2\repository\org\apache\commons\commons-compress\1.0\commons-compress-1.0.jar;C:\Users\Home\.m2\repository\net\sansa-stack\sansa-rdf-partition-core\0.1.0\sansa-rdf-partition-core-0.1.0.jar;C:\Users\Home\.m2\repository\net\sansa-stack\sansa-rdf-kryo-sparqlify\0.1.0\sansa-rdf-kryo-sparqlify-0.1.0.jar;C:\Users\Home\.m2\repository\org\aksw\sparqlify\sparqlify-core\0.8.0\sparqlify-core-0.8.0.jar;C:\Users\Home\.m2\repository\org\aksw\jena-sparql-api\jena-sparql-api-core\3.1.1-1\jena-sparql-api-core-3.1.1-1.jar;C:\Users\Home\.m2\repository\org\aksw\jena-sparql-api\jena-sparql-api-utils\3.1.1-1\jena-sparql-api-utils-3.1.1-1.jar;C:\Users\Home\.m2\repository\org\apache\jena\jena-sdb\3.1.1\jena-sdb-3.1.1.jar;C:\Users\Home\.m2\repository\org\apache\jena\jena-cmds\3.1.1\jena-cmds-3.1.1.jar;C:\Users\Home\.m2\repository\org\aksw\commons\aksw-commons-util\0.8.1\aksw-commons-util-0.8.1.jar;C:\Users\Home\.m2\repository\org\slf4j\slf4j-ext\1.7.21\slf4j-ext-1.7.21.jar;C:\Users\Home\.m2\repository\ch\qos\cal10n\cal10n-api\0.8.1\cal10n-api-0.8.1.jar;C:\Users\Home\.m2\repository\com\thoughtworks\xstream\xstream\1.3.1\xstream-1.3.1.jar;C:\Users\Home\.m2\repository\xpp3\xpp3_min\1.1.4c\xpp3_min-1.1.4c.jar;C:\Users\Home\.m2\repository\org\aksw\jena-sparql-api\jena-sparql-api-sparql-ext\3.1.1-1\jena-sparql-api-sparql-ext-3.1.1-1.jar;C:\Users\Home\.m2\repository\com\jayway\jsonpath\json-path\2.0.0\json-path-2.0.0.jar;C:\Users\Home\.m2\repository\net\minidev\json-smart\2.1.1\json-smart-2.1.1.jar;C:\Users\Home\.m2\repository\net\minidev\asm\1.0.2\asm-1.0.2.jar;C:\Users\Home\.m2\repository\org\quartz-scheduler\quartz\2.2.3\quartz-2.2.3.jar;C:\Users\Home\.m2\repository\c3p0\c3p0\0.9.1.1\c3p0-0.9.1.1.jar;C:\Users\Home\.m2\repository\org\aksw\commons\aksw-commons-collections\0.8.1\aksw-commons-collections-0.8.1.jar;C:\Users\Home\.m2\repository\com\nurkiewicz\asyncretry\asyncretry-jdk7\0.0.6\asyncretry-jdk7-0.0.6.jar;C:\Users\Home\.m2\repository\org\aksw\jena-sparql-api\jena-sparql-api-views\3.1.1-1\jena-sparql-api-views-3.1.1-1.jar;C:\Users\Home\.m2\repository\org\aksw\sparqlify\sparqlify-type-system\0.8.0\sparqlify-type-system-0.8.0.jar;C:\Users\Home\.m2\repository\com\jolbox\bonecp\0.8.0.RELEASE\bonecp-0.8.0.RELEASE.jar;C:\Users\Home\.m2\repository\commons-validator\commons-validator\1.4.0\commons-validator-1.4.0.jar;C:\Users\Home\.m2\repository\commons-beanutils\commons-beanutils-core\1.8.3\commons-beanutils-core-1.8.3.jar;C:\Users\Home\.m2\repository\net\sourceforge\collections\collections-generic\4.01\collections-generic-4.01.jar;C:\Users\Home\.m2\repository\org\postgresql\postgresql\9.4.1209.jre7\postgresql-9.4.1209.jre7.jar;C:\Users\Home\.m2\repository\org\postgis\postgis-jdbc\1.3.3\postgis-jdbc-1.3.3.jar;C:\Users\Home\.m2\repository\org\postgis\postgis-stubs\1.3.3\postgis-stubs-1.3.3.jar;C:\Users\Home\.m2\repository\postgresql\postgresql\8.3-603.jdbc4\postgresql-8.3-603.jdbc4.jar;C:\Users\Home\.m2\repository\code\google\com\patricia-trie\0.6\patricia-trie-0.6.jar;C:\Users\Home\.m2\repository\org\antlr\antlr-runtime\3.4\antlr-runtime-3.4.jar;C:\Users\Home\.m2\repository\org\antlr\stringtemplate\3.2.1\stringtemplate-3.2.1.jar;C:\Users\Home\.m2\repository\antlr\antlr\2.7.7\antlr-2.7.7.jar;C:\Users\Home\.m2\repository\org\antlr\ST4\4.0.7\ST4-4.0.7.jar;C:\Users\Home\.m2\repository\jrexx\jrexx\1.1.1\jrexx-1.1.1.jar;C:\Users\Home\.m2\repository\net\sf\opencsv\opencsv\2.3\opencsv-2.3.jar;C:\Users\Home\.m2\repository\net\sourceforge\jexcelapi\jxl\2.6.12\jxl-2.6.12.jar;C:\Users\Home\.m2\repository\com\h2database\h2\1.4.192\h2-1.4.192.jar;C:\Users\Home\.m2\repository\org\springframework\spring-jdbc\4.1.4.RELEASE\spring-jdbc-4.1.4.RELEASE.jar;C:\Users\Home\.m2\repository\org\springframework\spring-beans\4.1.4.RELEASE\spring-beans-4.1.4.RELEASE.jar;C:\Users\Home\.m2\repository\org\springframework\spring-core\4.1.4.RELEASE\spring-core-4.1.4.RELEASE.jar;C:\Users\Home\.m2\repository\org\springframework\spring-tx\4.1.4.RELEASE\spring-tx-4.1.4.RELEASE.jar;C:\Users\Home\.m2\repository\net\sf\jsqlparser\jsqlparser\0.8.0\jsqlparser-0.8.0.jar;C:\Users\Home\.m2\repository\net\sansa-stack\sansa-rdf-partition-sparqlify\0.1.0\sansa-rdf-partition-sparqlify-0.1.0.jar;C:\Users\Home\.m2\repository\net\sansa-stack\sansa-owl-spark\0.1.0-SNAPSHOT\sansa-owl-spark-0.1.0-SNAPSHOT.jar;C:\Users\Home\.m2\repository\net\sansa-stack\sansa-owl-common\0.1.0-SNAPSHOT\sansa-owl-common-0.1.0-SNAPSHOT.jar;C:\Users\Home\.m2\repository\org\apache\hadoop\hadoop-mapreduce-client-core\2.3.0\hadoop-mapreduce-client-core-2.3.0.jar;C:\Users\Home\.m2\repository\org\apache\hadoop\hadoop-yarn-common\2.3.0\hadoop-yarn-common-2.3.0.jar;C:\Users\Home\.m2\repository\javax\xml\bind\jaxb-api\2.2.2\jaxb-api-2.2.2.jar;C:\Users\Home\.m2\repository\javax\xml\stream\stax-api\1.0-2\stax-api-1.0-2.jar;C:\Users\Home\.m2\repository\javax\activation\activation\1.1\activation-1.1.jar;C:\Users\Home\.m2\repository\com\sun\jersey\contribs\jersey-guice\1.9\jersey-guice-1.9.jar;C:\Users\Home\.m2\repository\com\google\protobuf\protobuf-java\2.5.0\protobuf-java-2.5.0.jar;C:\Users\Home\.m2\repository\org\apache\avro\avro\1.7.4\avro-1.7.4.jar;C:\Users\Home\.m2\repository\com\google\inject\extensions\guice-servlet\3.0\guice-servlet-3.0.jar;C:\Users\Home\.m2\repository\org\apache\hadoop\hadoop-common\2.7.0\hadoop-common-2.7.0.jar;C:\Users\Home\.m2\repository\commons-cli\commons-cli\1.2\commons-cli-1.2.jar;C:\Users\Home\.m2\repository\xmlenc\xmlenc\0.52\xmlenc-0.52.jar;C:\Users\Home\.m2\repository\commons-io\commons-io\2.4\commons-io-2.4.jar;C:\Users\Home\.m2\repository\commons-collections\commons-collections\3.2.1\commons-collections-3.2.1.jar;C:\Users\Home\.m2\repository\javax\servlet\servlet-api\2.5\servlet-api-2.5.jar;C:\Users\Home\.m2\repository\org\mortbay\jetty\jetty\6.1.26\jetty-6.1.26.jar;C:\Users\Home\.m2\repository\org\mortbay\jetty\jetty-util\6.1.26\jetty-util-6.1.26.jar;C:\Users\Home\.m2\repository\javax\servlet\jsp\jsp-api\2.1\jsp-api-2.1.jar;C:\Users\Home\.m2\repository\com\sun\jersey\jersey-core\1.9\jersey-core-1.9.jar;C:\Users\Home\.m2\repository\com\sun\jersey\jersey-json\1.9\jersey-json-1.9.jar;C:\Users\Home\.m2\repository\org\codehaus\jettison\jettison\1.1\jettison-1.1.jar;C:\Users\Home\.m2\repository\com\sun\xml\bind\jaxb-impl\2.2.3-1\jaxb-impl-2.2.3-1.jar;C:\Users\Home\.m2\repository\org\codehaus\jackson\jackson-jaxrs\1.8.3\jackson-jaxrs-1.8.3.jar;C:\Users\Home\.m2\repository\org\codehaus\jackson\jackson-xc\1.8.3\jackson-xc-1.8.3.jar;C:\Users\Home\.m2\repository\com\sun\jersey\jersey-server\1.9\jersey-server-1.9.jar;C:\Users\Home\.m2\repository\asm\asm\3.1\asm-3.1.jar;C:\Users\Home\.m2\repository\commons-logging\commons-logging\1.1.3\commons-logging-1.1.3.jar;C:\Users\Home\.m2\repository\commons-lang\commons-lang\2.6\commons-lang-2.6.jar;C:\Users\Home\.m2\repository\commons-configuration\commons-configuration\1.6\commons-configuration-1.6.jar;C:\Users\Home\.m2\repository\commons-digester\commons-digester\1.8\commons-digester-1.8.jar;C:\Users\Home\.m2\repository\commons-beanutils\commons-beanutils\1.7.0\commons-beanutils-1.7.0.jar;C:\Users\Home\.m2\repository\com\google\code\gson\gson\2.2.4\gson-2.2.4.jar;C:\Users\Home\.m2\repository\org\apache\hadoop\hadoop-auth\2.7.0\hadoop-auth-2.7.0.jar;C:\Users\Home\.m2\repository\org\apache\directory\server\apacheds-kerberos-codec\2.0.0-M15\apacheds-kerberos-codec-2.0.0-M15.jar;C:\Users\Home\.m2\repository\org\apache\directory\server\apacheds-i18n\2.0.0-M15\apacheds-i18n-2.0.0-M15.jar;C:\Users\Home\.m2\repository\org\apache\directory\api\api-asn1-api\1.0.0-M20\api-asn1-api-1.0.0-M20.jar;C:\Users\Home\.m2\repository\org\apache\directory\api\api-util\1.0.0-M20\api-util-1.0.0-M20.jar;C:\Users\Home\.m2\repository\com\jcraft\jsch\0.1.42\jsch-0.1.42.jar;C:\Users\Home\.m2\repository\org\apache\curator\curator-client\2.7.1\curator-client-2.7.1.jar;C:\Users\Home\.m2\repository\org\apache\htrace\htrace-core\3.1.0-incubating\htrace-core-3.1.0-incubating.jar;C:\Users\Home\.m2\repository\net\sourceforge\owlapi\owlapi-api\5.0.3\owlapi-api-5.0.3.jar;C:\Users\Home\.m2\repository\org\tukaani\xz\1.5\xz-1.5.jar;C:\Users\Home\.m2\repository\org\apache\commons\commons-rdf-api\0.1.0-incubating\commons-rdf-api-0.1.0-incubating.jar;C:\Users\Home\.m2\repository\net\sf\trove4j\trove4j\3.0.3\trove4j-3.0.3.jar;C:\Users\Home\.m2\repository\com\github\ben-manes\caffeine\caffeine\2.1.0\caffeine-2.1.0.jar;C:\Users\Home\.m2\repository\com\google\inject\guice\4.0\guice-4.0.jar;C:\Users\Home\.m2\repository\javax\inject\javax.inject\1\javax.inject-1.jar;C:\Users\Home\.m2\repository\aopalliance\aopalliance\1.0\aopalliance-1.0.jar;C:\Users\Home\.m2\repository\com\google\inject\extensions\guice-assistedinject\4.0\guice-assistedinject-4.0.jar;C:\Users\Home\.m2\repository\com\google\inject\extensions\guice-multibindings\4.0\guice-multibindings-4.0.jar;C:\Users\Home\.m2\repository\net\sourceforge\owlapi\owlapi-parsers\5.0.3\owlapi-parsers-5.0.3.jar;C:\Users\Home\.m2\repository\net\sourceforge\owlapi\owlapi-apibinding\5.0.3\owlapi-apibinding-5.0.3.jar;C:\Users\Home\.m2\repository\net\sourceforge\owlapi\owlapi-impl\5.0.3\owlapi-impl-5.0.3.jar;C:\Users\Home\.m2\repository\net\sourceforge\owlapi\owlapi-oboformat\5.0.3\owlapi-oboformat-5.0.3.jar;C:\Users\Home\.m2\repository\net\sourceforge\owlapi\owlapi-tools\5.0.3\owlapi-tools-5.0.3.jar;C:\Users\Home\.m2\repository\net\sourceforge\owlapi\owlapi-rio\5.0.3\owlapi-rio-5.0.3.jar;C:\Users\Home\.m2\repository\org\openrdf\sesame\sesame-model\4.0.2\sesame-model-4.0.2.jar;C:\Users\Home\.m2\repository\org\openrdf\sesame\sesame-util\4.0.2\sesame-util-4.0.2.jar;C:\Users\Home\.m2\repository\org\openrdf\sesame\sesame-rio-api\4.0.2\sesame-rio-api-4.0.2.jar;C:\Users\Home\.m2\repository\org\openrdf\sesame\sesame-rio-languages\4.0.2\sesame-rio-languages-4.0.2.jar;C:\Users\Home\.m2\repository\org\openrdf\sesame\sesame-rio-datatypes\4.0.2\sesame-rio-datatypes-4.0.2.jar;C:\Users\Home\.m2\repository\org\openrdf\sesame\sesame-rio-binary\4.0.2\sesame-rio-binary-4.0.2.jar;C:\Users\Home\.m2\repository\org\openrdf\sesame\sesame-rio-n3\4.0.2\sesame-rio-n3-4.0.2.jar;C:\Users\Home\.m2\repository\org\openrdf\sesame\sesame-rio-nquads\4.0.2\sesame-rio-nquads-4.0.2.jar;C:\Users\Home\.m2\repository\org\openrdf\sesame\sesame-rio-ntriples\4.0.2\sesame-rio-ntriples-4.0.2.jar;C:\Users\Home\.m2\repository\org\openrdf\sesame\sesame-rio-rdfjson\4.0.2\sesame-rio-rdfjson-4.0.2.jar;C:\Users\Home\.m2\repository\org\openrdf\sesame\sesame-rio-rdfxml\4.0.2\sesame-rio-rdfxml-4.0.2.jar;C:\Users\Home\.m2\repository\org\openrdf\sesame\sesame-rio-trix\4.0.2\sesame-rio-trix-4.0.2.jar;C:\Users\Home\.m2\repository\org\openrdf\sesame\sesame-rio-turtle\4.0.2\sesame-rio-turtle-4.0.2.jar;C:\Users\Home\.m2\repository\org\openrdf\sesame\sesame-rio-trig\4.0.2\sesame-rio-trig-4.0.2.jar;C:\Users\Home\.m2\repository\org\openrdf\sesame\sesame-rio-jsonld\4.0.2\sesame-rio-jsonld-4.0.2.jar;C:\Users\Home\.m2\repository\net\sansa-stack\sansa-inference-spark_2.11\0.1.0\sansa-inference-spark_2.11-0.1.0.jar;C:\Users\Home\.m2\repository\net\sansa-stack\sansa-inference-common_2.11\0.1.0\sansa-inference-common_2.11-0.1.0.jar;C:\Users\Home\.m2\repository\org\apache\calcite\calcite-core\1.10.0\calcite-core-1.10.0.jar;C:\Users\Home\.m2\repository\org\apache\calcite\avatica\avatica\1.8.0\avatica-1.8.0.jar;C:\Users\Home\.m2\repository\org\apache\calcite\avatica\avatica-metrics\1.8.0\avatica-metrics-1.8.0.jar;C:\Users\Home\.m2\repository\org\apache\calcite\calcite-linq4j\1.10.0\calcite-linq4j-1.10.0.jar;C:\Users\Home\.m2\repository\commons-dbcp\commons-dbcp\1.4\commons-dbcp-1.4.jar;C:\Users\Home\.m2\repository\commons-pool\commons-pool\1.5.4\commons-pool-1.5.4.jar;C:\Users\Home\.m2\repository\net\hydromatic\eigenbase-properties\1.1.5\eigenbase-properties-1.1.5.jar;C:\Users\Home\.m2\repository\org\pentaho\pentaho-aggdesigner-algorithm\5.1.5-jhyde\pentaho-aggdesigner-algorithm-5.1.5-jhyde.jar;C:\Users\Home\.m2\repository\com\chuusai\shapeless_2.11\2.3.0\shapeless_2.11-2.3.0.jar;C:\Users\Home\.m2\repository\org\typelevel\macro-compat_2.11\1.1.1\macro-compat_2.11-1.1.1.jar;C:\Users\Home\.m2\repository\org\apache\jena\jena-core\3.1.1\jena-core-3.1.1.jar;C:\Users\Home\.m2\repository\org\apache\jena\jena-iri\3.1.1\jena-iri-3.1.1.jar;C:\Users\Home\.m2\repository\xerces\xercesImpl\2.11.0\xercesImpl-2.11.0.jar;C:\Users\Home\.m2\repository\xml-apis\xml-apis\1.4.01\xml-apis-1.4.01.jar;C:\Users\Home\.m2\repository\org\apache\jena\jena-base\3.1.1\jena-base-3.1.1.jar;C:\Users\Home\.m2\repository\com\github\andrewoma\dexx\collection\0.6\collection-0.6.jar;C:\Users\Home\.m2\repository\org\apache\jena\jena-arq\3.1.1\jena-arq-3.1.1.jar;C:\Users\Home\.m2\repository\org\apache\jena\jena-shaded-guava\3.1.1\jena-shaded-guava-3.1.1.jar;C:\Users\Home\.m2\repository\org\apache\httpcomponents\httpclient\4.5.2\httpclient-4.5.2.jar;C:\Users\Home\.m2\repository\org\apache\httpcomponents\httpcore\4.4.4\httpcore-4.4.4.jar;C:\Users\Home\.m2\repository\com\github\jsonld-java\jsonld-java\0.8.3\jsonld-java-0.8.3.jar;C:\Users\Home\.m2\repository\org\apache\httpcomponents\httpclient-cache\4.5.2\httpclient-cache-4.5.2.jar;C:\Users\Home\.m2\repository\org\apache\thrift\libthrift\0.9.3\libthrift-0.9.3.jar;C:\Users\Home\.m2\repository\org\apache\commons\commons-csv\1.3\commons-csv-1.3.jar;C:\Users\Home\.m2\repository\com\assembla\scala-incubator\graph-core_2.11\1.10.0\graph-core_2.11-1.10.0.jar;C:\Users\Home\.m2\repository\org\scalacheck\scalacheck_2.11\1.12.5\scalacheck_2.11-1.12.5.jar;C:\Users\Home\.m2\repository\org\scala-sbt\test-interface\1.0\test-interface-1.0.jar;C:\Users\Home\.m2\repository\com\assembla\scala-incubator\graph-dot_2.11\1.9.0\graph-dot_2.11-1.9.0.jar;C:\Users\Home\.m2\repository\org\jgrapht\jgrapht-core\1.0.0\jgrapht-core-1.0.0.jar;C:\Users\Home\.m2\repository\org\jgrapht\jgrapht-ext\1.0.0\jgrapht-ext-1.0.0.jar;C:\Users\Home\.m2\repository\org\tinyjee\jgraphx\jgraphx\2.0.0.1\jgraphx-2.0.0.1.jar;C:\Users\Home\.m2\repository\jgraph\jgraph\5.13.0.0\jgraph-5.13.0.0.jar;C:\Users\Home\.m2\repository\org\gephi\gephi-toolkit\0.9.1\gephi-toolkit-0.9.1.jar;C:\Users\Home\.m2\repository\org\netbeans\modules\org-netbeans-modules-masterfs\RELEASE81\org-netbeans-modules-masterfs-RELEASE81.jar;C:\Users\Home\.m2\repository\org\netbeans\api\org-netbeans-modules-queries\RELEASE81\org-netbeans-modules-queries-RELEASE81.jar;C:\Users\Home\.m2\repository\org\netbeans\api\org-openide-filesystems\RELEASE81\org-openide-filesystems-RELEASE81.jar;C:\Users\Home\.m2\repository\org\netbeans\api\org-openide-modules\RELEASE81\org-openide-modules-RELEASE81.jar;C:\Users\Home\.m2\repository\org\netbeans\api\org-openide-util\RELEASE81\org-openide-util-RELEASE81.jar;C:\Users\Home\.m2\repository\org\netbeans\api\org-openide-util-lookup\RELEASE81\org-openide-util-lookup-RELEASE81.jar;C:\Users\Home\.m2\repository\org\netbeans\modules\org-netbeans-core-startup\RELEASE81\org-netbeans-core-startup-RELEASE81.jar;C:\Users\Home\.m2\repository\org\netbeans\modules\org-netbeans-bootstrap\RELEASE81\org-netbeans-bootstrap-RELEASE81.jar;C:\Users\Home\.m2\repository\org\netbeans\api\org-openide-util-ui\RELEASE81\org-openide-util-ui-RELEASE81.jar;C:\Users\Home\.m2\repository\org\netbeans\api\org-netbeans-libs-asm\RELEASE81\org-netbeans-libs-asm-RELEASE81.jar;C:\Users\Home\.m2\repository\org\ow2\asm\asm-all\5.0.1\asm-all-5.0.1.jar;C:\Users\Home\.m2\repository\org\netbeans\modules\org-netbeans-core-startup-base\RELEASE81\org-netbeans-core-startup-base-RELEASE81.jar;C:\Users\Home\.m2\repository\org\netbeans\modules\org-netbeans-core\RELEASE81\org-netbeans-core-RELEASE81.jar;C:\Users\Home\.m2\repository\org\netbeans\api\org-netbeans-modules-keyring\RELEASE81\org-netbeans-modules-keyring-RELEASE81.jar;C:\Users\Home\.m2\repository\org\netbeans\api\org-netbeans-api-progress\RELEASE81\org-netbeans-api-progress-RELEASE81.jar;C:\Users\Home\.m2\repository\org\netbeans\api\org-netbeans-api-progress-nb\RELEASE81\org-netbeans-api-progress-nb-RELEASE81.jar;C:\Users\Home\.m2\repository\org\netbeans\api\org-netbeans-modules-sampler\RELEASE81\org-netbeans-modules-sampler-RELEASE81.jar;C:\Users\Home\.m2\repository\org\netbeans\api\org-netbeans-swing-plaf\RELEASE81\org-netbeans-swing-plaf-RELEASE81.jar;C:\Users\Home\.m2\repository\org\netbeans\api\org-openide-actions\RELEASE81\org-openide-actions-RELEASE81.jar;C:\Users\Home\.m2\repository\org\netbeans\api\org-openide-text\RELEASE81\org-openide-text-RELEASE81.jar;C:\Users\Home\.m2\repository\org\netbeans\api\org-openide-awt\RELEASE81\org-openide-awt-RELEASE81.jar;C:\Users\Home\.m2\repository\org\netbeans\api\org-openide-dialogs\RELEASE81\org-openide-dialogs-RELEASE81.jar;C:\Users\Home\.m2\repository\org\netbeans\api\org-openide-explorer\RELEASE81\org-openide-explorer-RELEASE81.jar;C:\Users\Home\.m2\repository\org\netbeans\api\org-netbeans-swing-outline\RELEASE81\org-netbeans-swing-outline-RELEASE81.jar;C:\Users\Home\.m2\repository\org\netbeans\api\org-netbeans-swing-tabcontrol\RELEASE81\org-netbeans-swing-tabcontrol-RELEASE81.jar;C:\Users\Home\.m2\repository\org\netbeans\api\org-openide-io\RELEASE81\org-openide-io-RELEASE81.jar;C:\Users\Home\.m2\repository\org\netbeans\api\org-netbeans-api-intent\RELEASE81\org-netbeans-api-intent-RELEASE81.jar;C:\Users\Home\.m2\repository\org\netbeans\api\org-netbeans-api-io\RELEASE81\org-netbeans-api-io-RELEASE81.jar;C:\Users\Home\.m2\repository\org\netbeans\api\org-openide-loaders\RELEASE81\org-openide-loaders-RELEASE81.jar;C:\Users\Home\.m2\repository\org\netbeans\api\org-netbeans-modules-editor-mimelookup\RELEASE81\org-netbeans-modules-editor-mimelookup-RELEASE81.jar;C:\Users\Home\.m2\repository\org\netbeans\api\org-openide-filesystems-nb\RELEASE81\org-openide-filesystems-nb-RELEASE81.jar;C:\Users\Home\.m2\repository\org\netbeans\api\org-netbeans-api-templates\RELEASE81\org-netbeans-api-templates-RELEASE81.jar;C:\Users\Home\.m2\repository\org\netbeans\api\org-openide-nodes\RELEASE81\org-openide-nodes-RELEASE81.jar;C:\Users\Home\.m2\repository\org\netbeans\api\org-openide-windows\RELEASE81\org-openide-windows-RELEASE81.jar;C:\Users\Home\.m2\repository\org\gephi\utils-longtask\0.9.1\utils-longtask-0.9.1.jar;C:\Users\Home\.m2\repository\org\gephi\project-api\0.9.1\project-api-0.9.1.jar;C:\Users\Home\.m2\repository\org\gephi\io-exporter-api\0.9.1\io-exporter-api-0.9.1.jar;C:\Users\Home\.m2\repository\org\gephi\graph-api\0.9.1\graph-api-0.9.1.jar;C:\Users\Home\.m2\repository\org\gephi\graphstore\0.5.3\graphstore-0.5.3.jar;C:\Users\Home\.m2\repository\it\unimi\dsi\fastutil\6.6.4\fastutil-6.6.4.jar;C:\Users\Home\.m2\repository\colt\colt\1.2.0\colt-1.2.0.jar;C:\Users\Home\.m2\repository\concurrent\concurrent\1.3.4\concurrent-1.3.4.jar;C:\Users\Home\.m2\repository\joda-time\joda-time\2.8.2\joda-time-2.8.2.jar;C:\Users\Home\.m2\repository\org\gephi\preview-api\0.9.1\preview-api-0.9.1.jar;C:\Users\Home\.m2\repository\org\gephi\io-exporter-preview\0.9.1\io-exporter-preview-0.9.1.jar;C:\Users\Home\.m2\repository\org\gephi\utils\0.9.1\utils-0.9.1.jar;C:\Users\Home\.m2\repository\org\gephi\datalab-api\0.9.1\datalab-api-0.9.1.jar;C:\Users\Home\.m2\repository\org\gephi\visualization-api\0.9.1\visualization-api-0.9.1.jar;C:\Users\Home\.m2\repository\org\gephi\preview-plugin\0.9.1\preview-plugin-0.9.1.jar;C:\Users\Home\.m2\repository\org\gephi\db-drivers\0.9.1\db-drivers-0.9.1.jar;C:\Users\Home\.m2\repository\org\xerial\sqlite-jdbc\3.8.11.1\sqlite-jdbc-3.8.11.1.jar;C:\Users\Home\.m2\repository\mysql\mysql-connector-java\5.1.36\mysql-connector-java-5.1.36.jar;C:\Users\Home\.m2\repository\org\gephi\io-importer-api\0.9.1\io-importer-api-0.9.1.jar;C:\Users\Home\.m2\repository\org\gephi\io-processor-plugin\0.9.1\io-processor-plugin-0.9.1.jar;C:\Users\Home\.m2\repository\org\gephi\appearance-api\0.9.1\appearance-api-0.9.1.jar;C:\Users\Home\.m2\repository\org\gephi\statistics-api\0.9.1\statistics-api-0.9.1.jar;C:\Users\Home\.m2\repository\org\gephi\statistics-plugin\0.9.1\statistics-plugin-0.9.1.jar;C:\Users\Home\.m2\repository\org\gephi\algorithms-plugin\0.9.1\algorithms-plugin-0.9.1.jar;C:\Users\Home\.m2\repository\org\gephi\mostrecentfiles-api\0.9.1\mostrecentfiles-api-0.9.1.jar;C:\Users\Home\.m2\repository\org\gephi\layout-api\0.9.1\layout-api-0.9.1.jar;C:\Users\Home\.m2\repository\org\gephi\io-generator-api\0.9.1\io-generator-api-0.9.1.jar;C:\Users\Home\.m2\repository\org\gephi\io-generator-plugin\0.9.1\io-generator-plugin-0.9.1.jar;C:\Users\Home\.m2\repository\org\gephi\io-exporter-plugin\0.9.1\io-exporter-plugin-0.9.1.jar;C:\Users\Home\.m2\repository\org\gephi\filters-api\0.9.1\filters-api-0.9.1.jar;C:\Users\Home\.m2\repository\org\gephi\ui-propertyeditor\0.9.1\ui-propertyeditor-0.9.1.jar;C:\Users\Home\.m2\repository\org\gephi\layout-plugin\0.9.1\layout-plugin-0.9.1.jar;C:\Users\Home\.m2\repository\org\gephi\io-importer-plugin\0.9.1\io-importer-plugin-0.9.1.jar;C:\Users\Home\.m2\repository\org\gephi\filters-plugin\0.9.1\filters-plugin-0.9.1.jar;C:\Users\Home\.m2\repository\org\gephi\filters-impl\0.9.1\filters-impl-0.9.1.jar;C:\Users\Home\.m2\repository\org\netbeans\api\org-netbeans-api-annotations-common\RELEASE81\org-netbeans-api-annotations-common-RELEASE81.jar;C:\Users\Home\.m2\repository\org\gephi\appearance-plugin\0.9.1\appearance-plugin-0.9.1.jar;C:\Users\Home\.m2\repository\org\gephi\core-library-wrapper\0.9.1\core-library-wrapper-0.9.1.jar;C:\Users\Home\.m2\repository\net\java\dev\stax-utils\snapshot-20100402\stax-utils-snapshot-20100402.jar;C:\Users\Home\.m2\repository\jfree\jfreechart\1.0.13\jfreechart-1.0.13.jar;C:\Users\Home\.m2\repository\jfree\jcommon\1.0.16\jcommon-1.0.16.jar;C:\Users\Home\.m2\repository\gnu\trove\trove\2.1.0\trove-2.1.0.jar;C:\Users\Home\.m2\repository\com\google\collections\google-collections\1.0\google-collections-1.0.jar;C:\Users\Home\.m2\repository\net\sourceforge\javacsv\javacsv\2.0\javacsv-2.0.jar;C:\Users\Home\.m2\repository\xml-apis\xml-apis-ext\1.3.04\xml-apis-ext-1.3.04.jar;C:\Users\Home\.m2\repository\com\itextpdf\itextpdf\5.2.0\itextpdf-5.2.0.jar;C:\Users\Home\.m2\repository\org\apache\xmlgraphics\batik-transcoder\1.7\batik-transcoder-1.7.jar;C:\Users\Home\.m2\repository\org\apache\xmlgraphics\batik-awt-util\1.7\batik-awt-util-1.7.jar;C:\Users\Home\.m2\repository\org\apache\xmlgraphics\batik-bridge\1.7\batik-bridge-1.7.jar;C:\Users\Home\.m2\repository\org\apache\xmlgraphics\batik-anim\1.7\batik-anim-1.7.jar;C:\Users\Home\.m2\repository\org\apache\xmlgraphics\batik-css\1.7\batik-css-1.7.jar;C:\Users\Home\.m2\repository\org\apache\xmlgraphics\batik-ext\1.7\batik-ext-1.7.jar;C:\Users\Home\.m2\repository\org\apache\xmlgraphics\batik-parser\1.7\batik-parser-1.7.jar;C:\Users\Home\.m2\repository\org\apache\xmlgraphics\batik-script\1.7\batik-script-1.7.jar;C:\Users\Home\.m2\repository\xalan\xalan\2.6.0\xalan-2.6.0.jar;C:\Users\Home\.m2\repository\org\apache\xmlgraphics\batik-dom\1.7\batik-dom-1.7.jar;C:\Users\Home\.m2\repository\org\apache\xmlgraphics\batik-gvt\1.7\batik-gvt-1.7.jar;C:\Users\Home\.m2\repository\org\apache\xmlgraphics\batik-svg-dom\1.7\batik-svg-dom-1.7.jar;C:\Users\Home\.m2\repository\org\apache\xmlgraphics\batik-util\1.7\batik-util-1.7.jar;C:\Users\Home\.m2\repository\org\apache\xmlgraphics\batik-xml\1.7\batik-xml-1.7.jar;C:\Users\Home\.m2\repository\com\typesafe\scala-logging\scala-logging_2.11\3.5.0\scala-logging_2.11-3.5.0.jar;C:\Users\Home\.m2\repository\com\github\scopt\scopt_2.11\3.5.0\scopt_2.11-3.5.0.jar;C:\Users\Home\.m2\repository\net\sansa-stack\sansa-query-spark-bundle\0.1.0\sansa-query-spark-bundle-0.1.0.jar;C:\Users\Home\.m2\repository\net\sansa-stack\sansa-query-spark-server\0.1.0\sansa-query-spark-server-0.1.0.jar;C:\Users\Home\.m2\repository\net\sansa-stack\sansa-query-spark-sparqlify\0.1.0\sansa-query-spark-sparqlify-0.1.0.jar;C:\Users\Home\.m2\repository\org\aksw\jena-sparql-api\jena-sparql-api-server-standalone\3.1.1-1\jena-sparql-api-server-standalone-3.1.1-1.jar;C:\Users\Home\.m2\repository\org\aksw\jena-sparql-api\jena-sparql-api-server-utils\3.1.1-1\jena-sparql-api-server-utils-3.1.1-1.jar;C:\Users\Home\.m2\repository\org\aksw\jena-sparql-api\jena-sparql-api-web\3.1.1-1\jena-sparql-api-web-3.1.1-1.jar;C:\Users\Home\.m2\repository\org\aksw\jena-sparql-api\jena-sparql-api-concepts\3.1.1-1\jena-sparql-api-concepts-3.1.1-1.jar;C:\Users\Home\.m2\repository\org\aksw\jena-sparql-api\jena-sparql-api-jgrapht\3.1.1-1\jena-sparql-api-jgrapht-3.1.1-1.jar;C:\Users\Home\.m2\repository\org\apache\commons\commons-collections4\4.1\commons-collections4-4.1.jar;C:\Users\Home\.m2\repository\com\codepoetics\protonpack\1.8\protonpack-1.8.jar;C:\Users\Home\.m2\repository\org\aksw\gson\gson-utils-core\1.0.0\gson-utils-core-1.0.0.jar;C:\Users\Home\.m2\repository\org\aksw\jena-sparql-api\jena-sparql-api-update\3.1.1-1\jena-sparql-api-update-3.1.1-1.jar;C:\Users\Home\.m2\repository\org\springframework\spring-context\4.1.4.RELEASE\spring-context-4.1.4.RELEASE.jar;C:\Users\Home\.m2\repository\org\glassfish\jersey\ext\jersey-spring3\2.18\jersey-spring3-2.18.jar;C:\Users\Home\.m2\repository\org\glassfish\hk2\hk2\2.4.0-b12\hk2-2.4.0-b12.jar;C:\Users\Home\.m2\repository\org\glassfish\hk2\config-types\2.4.0-b12\config-types-2.4.0-b12.jar;C:\Users\Home\.m2\repository\org\glassfish\hk2\core\2.4.0-b12\core-2.4.0-b12.jar;C:\Users\Home\.m2\repository\org\glassfish\hk2\hk2-config\2.4.0-b12\hk2-config-2.4.0-b12.jar;C:\Users\Home\.m2\repository\org\glassfish\hk2\external\bean-validator\2.4.0-b12\bean-validator-2.4.0-b12.jar;C:\Users\Home\.m2\repository\org\glassfish\hk2\hk2-runlevel\2.4.0-b12\hk2-runlevel-2.4.0-b12.jar;C:\Users\Home\.m2\repository\org\glassfish\hk2\class-model\2.4.0-b12\class-model-2.4.0-b12.jar;C:\Users\Home\.m2\repository\org\glassfish\hk2\external\asm-all-repackaged\2.4.0-b12\asm-all-repackaged-2.4.0-b12.jar;C:\Users\Home\.m2\repository\org\glassfish\hk2\spring-bridge\2.4.0-b12\spring-bridge-2.4.0-b12.jar;C:\Users\Home\.m2\repository\org\glassfish\jersey\media\jersey-media-multipart\2.18\jersey-media-multipart-2.18.jar;C:\Users\Home\.m2\repository\org\jvnet\mimepull\mimepull\1.9.5\mimepull-1.9.5.jar;C:\Users\Home\.m2\repository\org\springframework\spring-webmvc\4.1.4.RELEASE\spring-webmvc-4.1.4.RELEASE.jar;C:\Users\Home\.m2\repository\org\springframework\spring-expression\4.1.4.RELEASE\spring-expression-4.1.4.RELEASE.jar;C:\Users\Home\.m2\repository\org\springframework\spring-web\4.1.4.RELEASE\spring-web-4.1.4.RELEASE.jar;C:\Users\Home\.m2\repository\org\springframework\spring-aop\4.1.4.RELEASE\spring-aop-4.1.4.RELEASE.jar;C:\Users\Home\.m2\repository\eu\infomas\annotation-detector\3.0.1\annotation-detector-3.0.1.jar;C:\Users\Home\.m2\repository\cglib\cglib\2.2.2\cglib-2.2.2.jar;C:\Users\Home\.m2\repository\org\eclipse\jetty\jetty-server\8.1.17.v20150415\jetty-server-8.1.17.v20150415.jar;C:\Users\Home\.m2\repository\org\eclipse\jetty\orbit\javax.servlet\3.0.0.v201112011016\javax.servlet-3.0.0.v201112011016.jar;C:\Users\Home\.m2\repository\org\eclipse\jetty\jetty-continuation\8.1.17.v20150415\jetty-continuation-8.1.17.v20150415.jar;C:\Users\Home\.m2\repository\org\eclipse\jetty\jetty-webapp\8.1.17.v20150415\jetty-webapp-8.1.17.v20150415.jar;C:\Users\Home\.m2\repository\org\eclipse\jetty\jetty-servlet\8.1.17.v20150415\jetty-servlet-8.1.17.v20150415.jar;C:\Users\Home\.m2\repository\org\eclipse\jetty\jetty-security\8.1.17.v20150415\jetty-security-8.1.17.v20150415.jar;C:\Users\Home\.m2\repository\org\eclipse\jetty\jetty-http\8.1.17.v20150415\jetty-http-8.1.17.v20150415.jar;C:\Users\Home\.m2\repository\org\eclipse\jetty\jetty-io\8.1.17.v20150415\jetty-io-8.1.17.v20150415.jar;C:\Users\Home\.m2\repository\org\eclipse\jetty\jetty-util\8.1.17.v20150415\jetty-util-8.1.17.v20150415.jar;C:\Users\Home\.m2\repository\org\eclipse\jetty\jetty-jsp\8.1.17.v20150415\jetty-jsp-8.1.17.v20150415.jar;C:\Users\Home\.m2\repository\org\eclipse\jetty\orbit\javax.servlet.jsp\2.2.0.v201112011158\javax.servlet.jsp-2.2.0.v201112011158.jar;C:\Users\Home\.m2\repository\org\eclipse\jetty\orbit\org.apache.jasper.glassfish\2.2.2.v201112011158\org.apache.jasper.glassfish-2.2.2.v201112011158.jar;C:\Users\Home\.m2\repository\org\eclipse\jetty\orbit\javax.servlet.jsp.jstl\1.2.0.v201105211821\javax.servlet.jsp.jstl-1.2.0.v201105211821.jar;C:\Users\Home\.m2\repository\org\eclipse\jetty\orbit\org.apache.taglibs.standard.glassfish\1.2.0.v201112081803\org.apache.taglibs.standard.glassfish-1.2.0.v201112081803.jar;C:\Users\Home\.m2\repository\org\eclipse\jetty\orbit\javax.el\2.2.0.v201108011116\javax.el-2.2.0.v201108011116.jar;C:\Users\Home\.m2\repository\org\eclipse\jetty\orbit\com.sun.el\2.2.0.v201108011116\com.sun.el-2.2.0.v201108011116.jar;C:\Users\Home\.m2\repository\org\eclipse\jetty\orbit\org.eclipse.jdt.core\3.7.1\org.eclipse.jdt.core-3.7.1.jar;C:\Users\Home\.m2\repository\net\sansa-stack\sansa-ml-spark\0.1.0\sansa-ml-spark-0.1.0.jar;C:\Users\Home\.m2\repository\net\sansa-stack\sansa-ml-common\0.1.0\sansa-ml-common-0.1.0.jar;C:\Users\Home\.m2\repository\net\sansa-stack\sansa-rdf-spark-core\0.1.0-SNAPSHOT\sansa-rdf-spark-core-0.1.0-SNAPSHOT.jar;C:\Users\Home\.m2\repository\org\apache\spark\spark-mllib_2.11\2.0.0\spark-mllib_2.11-2.0.0.jar;C:\Users\Home\.m2\repository\org\apache\spark\spark-streaming_2.11\2.0.0\spark-streaming_2.11-2.0.0.jar;C:\Users\Home\.m2\repository\org\apache\spark\spark-mllib-local_2.11\2.0.0\spark-mllib-local_2.11-2.0.0.jar;C:\Users\Home\.m2\repository\org\scalanlp\breeze_2.11\0.11.2\breeze_2.11-0.11.2.jar;C:\Users\Home\.m2\repository\org\scalanlp\breeze-macros_2.11\0.11.2\breeze-macros_2.11-0.11.2.jar;C:\Users\Home\.m2\repository\com\github\rwl\jtransforms\2.4.0\jtransforms-2.4.0.jar;C:\Users\Home\.m2\repository\org\spire-math\spire_2.11\0.7.4\spire_2.11-0.7.4.jar;C:\Users\Home\.m2\repository\org\spire-math\spire-macros_2.11\0.7.4\spire-macros_2.11-0.7.4.jar;C:\Users\Home\.m2\repository\org\jpmml\pmml-model\1.2.15\pmml-model-1.2.15.jar;C:\Users\Home\.m2\repository\org\jpmml\pmml-schema\1.2.15\pmml-schema-1.2.15.jar;C:\Users\Home\.m2\repository\junit\junit\4.8.1\junit-4.8.1.jar;C:\Users\Home\.m2\repository\org\scalatest\scalatest_2.11\2.2.6\scalatest_2.11-2.2.6.jar;C:\Users\Home\.m2\repository\org\scala-lang\scala-reflect\2.11.7\scala-reflect-2.11.7.jar;C:\Users\Home\.m2\repository\org\scala-lang\modules\scala-xml_2.11\1.0.2\scala-xml_2.11-1.0.2.jar;C:\Users\Home\.m2\repository\com\typesafe\scala-logging\scala-logging-slf4j_2.11\2.1.2\scala-logging-slf4j_2.11-2.1.2.jar;C:\Users\Home\.m2\repository\com\typesafe\scala-logging\scala-logging-api_2.11\2.1.2\scala-logging-api_2.11-2.1.2.jar">
</property>
    <property name="java.vm.specification.version" value="1.8"> </property>
    <property name="sun.arch.data.model" value="64"> </property>
    <property name="java.home" value="C:\Program Files\Java\jre1.8.0_171">
    </property>
    <property 
    name="sun.java.command" value="org.scalatest.tools.Runner -R C:\Users\Home\Documents\GitHub\foil\foil-master\target\classes C:\Users\Home\Documents\GitHub\foil\foil-master\target\test-classes -o -fWDF C:\Users\Home\Documents\GitHub\foil\foil-master\target\surefire-reports\TestSuite.txt -u C:\Users\Home\Documents\GitHub\foil\foil-master\target\surefire-reports\.">
</property>
    <property name="java.specification.vendor" value="Oracle Corporation">
    </property>
    <property name="user.language" value="ru"> </property>
    <property name="awt.toolkit" value="sun.awt.windows.WToolkit"> </property>
    <property name="java.vm.info" value="mixed mode"> </property>
    <property name="java.version" value="1.8.0_171"> </property>
    <property 
    name="java.ext.dirs" value="C:\Program Files\Java\jre1.8.0_171\lib\ext;C:\WINDOWS\Sun\Java\lib\ext">
</property>
    <property 
    name="sun.boot.class.path" value="C:\Program Files\Java\jre1.8.0_171\lib\resources.jar;C:\Program Files\Java\jre1.8.0_171\lib\rt.jar;C:\Program Files\Java\jre1.8.0_171\lib\sunrsasign.jar;C:\Program Files\Java\jre1.8.0_171\lib\jsse.jar;C:\Program Files\Java\jre1.8.0_171\lib\jce.jar;C:\Program Files\Java\jre1.8.0_171\lib\charsets.jar;C:\Program Files\Java\jre1.8.0_171\lib\jfr.jar;C:\Program Files\Java\jre1.8.0_171\classes">
</property>
    <property name="java.vendor" value="Oracle Corporation"> </property>
    <property name="file.separator" value="\"> </property>
    <property 
    name="java.vendor.url.bug" value="http://bugreport.sun.com/bugreport/">
</property>
    <property name="sun.cpu.endian" value="little"> </property>
    <property name="sun.io.unicode.encoding" value="UnicodeLittle"> </property>
    <property name="sun.desktop" value="windows"> </property>
    <property name="sun.cpu.isalist" value="amd64"> </property>
  </properties>
  <system-out><![CDATA[]]></system-out>
  <system-err><![CDATA[]]></system-err>
</testsuite>
